# JRE version: OpenJDK Runtime Environment Temurin-21.0.8+9 (21.0.8+9) (build 21.0.8+9-LTS)
# Java VM: OpenJDK 64-Bit Server VM Temurin-21.0.8+9 (21.0.8+9-LTS, mixed mode, sharing, tiered, compressed oops, compressed class ptrs, parallel gc, windows-amd64)
GC Precious Log:
 CardTable entry size: 512
 CPUs: 16 total, 16 available
 Memory: 16091M
 Large Page Support: Disabled
 NUMA Support: Disabled
 Compressed Oops: Enabled (32-bit)
 Alignments: Space 512K, Generation 512K, Heap 2M
 Heap Min Capacity: 100M
 Heap Initial Capacity: 100M
 Heap Max Capacity: 2G
 Pre-touch: Disabled
 Parallel Workers: 13
Heap:
 PSYoungGen      total 10240K, used 8634K [0x00000000d5580000, 0x00000000d6500000, 0x0000000100000000)
  eden space 9216K, 84% used [0x00000000d5580000,0x00000000d5d1a9c8,0x00000000d5e80000)
  from space 1024K, 82% used [0x00000000d6380000,0x00000000d6454030,0x00000000d6480000)
  to   space 512K, 0% used [0x00000000d6480000,0x00000000d6480000,0x00000000d6500000)
 ParOldGen       total 128000K, used 127611K [0x0000000080000000, 0x0000000087d00000, 0x00000000d5580000)
  object space 128000K, 99% used [0x0000000080000000,0x0000000087c9efa8,0x0000000087d00000)
 Metaspace       used 55366K, committed 56704K, reserved 1114112K
  class space    used 5999K, committed 6592K, reserved 1048576K
GC Heap History (20 events):
Event: 7.069 GC heap before
{Heap before GC invocations=34 (full 2):
 PSYoungGen      total 16896K, used 16416K [0x00000000d5580000, 0x00000000d7080000, 0x0000000100000000)
  eden space 9216K, 100% used [0x00000000d5580000,0x00000000d5e80000,0x00000000d5e80000)
  from space 7680K, 93% used [0x00000000d5e80000,0x00000000d6588000,0x00000000d6600000)
  to   space 9216K, 0% used [0x00000000d6780000,0x00000000d6780000,0x00000000d7080000)
 ParOldGen       total 103424K, used 102996K [0x0000000080000000, 0x0000000086500000, 0x00000000d5580000)
  object space 103424K, 99% used [0x0000000080000000,0x0000000086495210,0x0000000086500000)
 Metaspace       used 50481K, committed 51776K, reserved 1114112K
  class space    used 5492K, committed 6016K, reserved 1048576K
}
Event: 7.075 GC heap after
{Heap after GC invocations=34 (full 2):
 PSYoungGen      total 16896K, used 7200K [0x00000000d5580000, 0x00000000d6f00000, 0x0000000100000000)
  eden space 9216K, 0% used [0x00000000d5580000,0x00000000d5580000,0x00000000d5e80000)
  from space 7680K, 93% used [0x00000000d6780000,0x00000000d6e88000,0x00000000d6f00000)
  to   space 7680K, 0% used [0x00000000d5e80000,0x00000000d5e80000,0x00000000d6600000)
 ParOldGen       total 110592K, used 110084K [0x0000000080000000, 0x0000000086c00000, 0x00000000d5580000)
  object space 110592K, 99% used [0x0000000080000000,0x0000000086b81210,0x0000000086c00000)
 Metaspace       used 50481K, committed 51776K, reserved 1114112K
  class space    used 5492K, committed 6016K, reserved 1048576K
}
Event: 7.102 GC heap before
{Heap before GC invocations=35 (full 2):
 PSYoungGen      total 16896K, used 16416K [0x00000000d5580000, 0x00000000d6f00000, 0x0000000100000000)
  eden space 9216K, 100% used [0x00000000d5580000,0x00000000d5e80000,0x00000000d5e80000)
  from space 7680K, 93% used [0x00000000d6780000,0x00000000d6e88000,0x00000000d6f00000)
  to   space 7680K, 0% used [0x00000000d5e80000,0x00000000d5e80000,0x00000000d6600000)
 ParOldGen       total 110592K, used 110084K [0x0000000080000000, 0x0000000086c00000, 0x00000000d5580000)
  object space 110592K, 99% used [0x0000000080000000,0x0000000086b81210,0x0000000086c00000)
 Metaspace       used 50481K, committed 51776K, reserved 1114112K
  class space    used 5492K, committed 6016K, reserved 1048576K
}
Event: 7.106 GC heap after
{Heap after GC invocations=35 (full 2):
 PSYoungGen      total 16896K, used 7232K [0x00000000d5580000, 0x00000000d6d80000, 0x0000000100000000)
  eden space 9216K, 0% used [0x00000000d5580000,0x00000000d5580000,0x00000000d5e80000)
  from space 7680K, 94% used [0x00000000d5e80000,0x00000000d6590000,0x00000000d6600000)
  to   space 7680K, 0% used [0x00000000d6600000,0x00000000d6600000,0x00000000d6d80000)
 ParOldGen       total 117248K, used 117188K [0x0000000080000000, 0x0000000087280000, 0x00000000d5580000)
  object space 117248K, 99% used [0x0000000080000000,0x0000000087271210,0x0000000087280000)
 Metaspace       used 50481K, committed 51776K, reserved 1114112K
  class space    used 5492K, committed 6016K, reserved 1048576K
}
Event: 7.683 GC heap before
{Heap before GC invocations=36 (full 2):
 PSYoungGen      total 16896K, used 16435K [0x00000000d5580000, 0x00000000d6d80000, 0x0000000100000000)
  eden space 9216K, 99% used [0x00000000d5580000,0x00000000d5e7cc38,0x00000000d5e80000)
  from space 7680K, 94% used [0x00000000d5e80000,0x00000000d6590000,0x00000000d6600000)
  to   space 7680K, 0% used [0x00000000d6600000,0x00000000d6600000,0x00000000d6d80000)
 ParOldGen       total 117248K, used 117188K [0x0000000080000000, 0x0000000087280000, 0x00000000d5580000)
  object space 117248K, 99% used [0x0000000080000000,0x0000000087271210,0x0000000087280000)
 Metaspace       used 51658K, committed 52992K, reserved 1114112K
  class space    used 5580K, committed 6080K, reserved 1048576K
}
Event: 7.688 GC heap after
{Heap after GC invocations=36 (full 2):
 PSYoungGen      total 11264K, used 1792K [0x00000000d5580000, 0x00000000d6800000, 0x0000000100000000)
  eden space 9216K, 0% used [0x00000000d5580000,0x00000000d5580000,0x00000000d5e80000)
  from space 2048K, 87% used [0x00000000d6600000,0x00000000d67c0000,0x00000000d6800000)
  to   space 4096K, 0% used [0x00000000d6000000,0x00000000d6000000,0x00000000d6400000)
 ParOldGen       total 124416K, used 124268K [0x0000000080000000, 0x0000000087980000, 0x00000000d5580000)
  object space 124416K, 99% used [0x0000000080000000,0x000000008795b210,0x0000000087980000)
 Metaspace       used 51658K, committed 52992K, reserved 1114112K
  class space    used 5580K, committed 6080K, reserved 1048576K
}
Event: 8.043 GC heap before
{Heap before GC invocations=37 (full 2):
 PSYoungGen      total 11264K, used 11008K [0x00000000d5580000, 0x00000000d6800000, 0x0000000100000000)
  eden space 9216K, 100% used [0x00000000d5580000,0x00000000d5e80000,0x00000000d5e80000)
  from space 2048K, 87% used [0x00000000d6600000,0x00000000d67c0000,0x00000000d6800000)
  to   space 4096K, 0% used [0x00000000d6000000,0x00000000d6000000,0x00000000d6400000)
 ParOldGen       total 124416K, used 124268K [0x0000000080000000, 0x0000000087980000, 0x00000000d5580000)
  object space 124416K, 99% used [0x0000000080000000,0x000000008795b210,0x0000000087980000)
 Metaspace       used 52667K, committed 53952K, reserved 1114112K
  class space    used 5708K, committed 6208K, reserved 1048576K
}
Event: 8.044 GC heap after
{Heap after GC invocations=37 (full 2):
 PSYoungGen      total 13312K, used 536K [0x00000000d5580000, 0x00000000d6680000, 0x0000000100000000)
  eden space 9216K, 0% used [0x00000000d5580000,0x00000000d5580000,0x00000000d5e80000)
  from space 4096K, 13% used [0x00000000d6000000,0x00000000d6086090,0x00000000d6400000)
  to   space 1536K, 0% used [0x00000000d6500000,0x00000000d6500000,0x00000000d6680000)
 ParOldGen       total 125952K, used 125792K [0x0000000080000000, 0x0000000087b00000, 0x00000000d5580000)
  object space 125952K, 99% used [0x0000000080000000,0x0000000087ad8360,0x0000000087b00000)
 Metaspace       used 52667K, committed 53952K, reserved 1114112K
  class space    used 5708K, committed 6208K, reserved 1048576K
}
Event: 247.421 GC heap before
{Heap before GC invocations=38 (full 2):
 PSYoungGen      total 13312K, used 9752K [0x00000000d5580000, 0x00000000d6680000, 0x0000000100000000)
  eden space 9216K, 100% used [0x00000000d5580000,0x00000000d5e80000,0x00000000d5e80000)
  from space 4096K, 13% used [0x00000000d6000000,0x00000000d6086090,0x00000000d6400000)
  to   space 1536K, 0% used [0x00000000d6500000,0x00000000d6500000,0x00000000d6680000)
 ParOldGen       total 125952K, used 125792K [0x0000000080000000, 0x0000000087b00000, 0x00000000d5580000)
  object space 125952K, 99% used [0x0000000080000000,0x0000000087ad8360,0x0000000087b00000)
 Metaspace       used 53003K, committed 54400K, reserved 1114112K
  class space    used 5726K, committed 6272K, reserved 1048576K
}
Event: 247.422 GC heap after
{Heap after GC invocations=38 (full 2):
 PSYoungGen      total 10240K, used 640K [0x00000000d5580000, 0x00000000d6600000, 0x0000000100000000)
  eden space 9216K, 0% used [0x00000000d5580000,0x00000000d5580000,0x00000000d5e80000)
  from space 1024K, 62% used [0x00000000d6500000,0x00000000d65a0000,0x00000000d6600000)
  to   space 1024K, 0% used [0x00000000d6400000,0x00000000d6400000,0x00000000d6500000)
 ParOldGen       total 126464K, used 126141K [0x0000000080000000, 0x0000000087b80000, 0x00000000d5580000)
  object space 126464K, 99% used [0x0000000080000000,0x0000000087b2f5c0,0x0000000087b80000)
 Metaspace       used 53003K, committed 54400K, reserved 1114112K
  class space    used 5726K, committed 6272K, reserved 1048576K
}
Event: 248.079 GC heap before
{Heap before GC invocations=39 (full 2):
 PSYoungGen      total 10240K, used 9856K [0x00000000d5580000, 0x00000000d6600000, 0x0000000100000000)
  eden space 9216K, 100% used [0x00000000d5580000,0x00000000d5e80000,0x00000000d5e80000)
  from space 1024K, 62% used [0x00000000d6500000,0x00000000d65a0000,0x00000000d6600000)
  to   space 1024K, 0% used [0x00000000d6400000,0x00000000d6400000,0x00000000d6500000)
 ParOldGen       total 126464K, used 126141K [0x0000000080000000, 0x0000000087b80000, 0x00000000d5580000)
  object space 126464K, 99% used [0x0000000080000000,0x0000000087b2f5c0,0x0000000087b80000)
 Metaspace       used 53367K, committed 54720K, reserved 1114112K
  class space    used 5767K, committed 6336K, reserved 1048576K
}
Event: 248.080 GC heap after
{Heap after GC invocations=39 (full 2):
 PSYoungGen      total 10240K, used 544K [0x00000000d5580000, 0x00000000d6580000, 0x0000000100000000)
  eden space 9216K, 0% used [0x00000000d5580000,0x00000000d5580000,0x00000000d5e80000)
  from space 1024K, 53% used [0x00000000d6400000,0x00000000d6488030,0x00000000d6500000)
  to   space 512K, 0% used [0x00000000d6500000,0x00000000d6500000,0x00000000d6580000)
 ParOldGen       total 126976K, used 126678K [0x0000000080000000, 0x0000000087c00000, 0x00000000d5580000)
  object space 126976K, 99% used [0x0000000080000000,0x0000000087bb5af8,0x0000000087c00000)
 Metaspace       used 53367K, committed 54720K, reserved 1114112K
  class space    used 5767K, committed 6336K, reserved 1048576K
}
Event: 248.143 GC heap before
{Heap before GC invocations=40 (full 2):
 PSYoungGen      total 10240K, used 9760K [0x00000000d5580000, 0x00000000d6580000, 0x0000000100000000)
  eden space 9216K, 100% used [0x00000000d5580000,0x00000000d5e80000,0x00000000d5e80000)
  from space 1024K, 53% used [0x00000000d6400000,0x00000000d6488030,0x00000000d6500000)
  to   space 512K, 0% used [0x00000000d6500000,0x00000000d6500000,0x00000000d6580000)
 ParOldGen       total 126976K, used 126678K [0x0000000080000000, 0x0000000087c00000, 0x00000000d5580000)
  object space 126976K, 99% used [0x0000000080000000,0x0000000087bb5af8,0x0000000087c00000)
 Metaspace       used 53581K, committed 54976K, reserved 1114112K
  class space    used 5817K, committed 6400K, reserved 1048576K
}
Event: 248.144 GC heap after
{Heap after GC invocations=40 (full 2):
 PSYoungGen      total 9728K, used 493K [0x00000000d5580000, 0x00000000d6580000, 0x0000000100000000)
  eden space 9216K, 0% used [0x00000000d5580000,0x00000000d5580000,0x00000000d5e80000)
  from space 512K, 96% used [0x00000000d6500000,0x00000000d657b6f0,0x00000000d6580000)
  to   space 1024K, 0% used [0x00000000d6380000,0x00000000d6380000,0x00000000d6480000)
 ParOldGen       total 126976K, used 126955K [0x0000000080000000, 0x0000000087c00000, 0x00000000d5580000)
  object space 126976K, 99% used [0x0000000080000000,0x0000000087bfafa8,0x0000000087c00000)
 Metaspace       used 53581K, committed 54976K, reserved 1114112K
  class space    used 5817K, committed 6400K, reserved 1048576K
}
Event: 248.215 GC heap before
{Heap before GC invocations=41 (full 2):
 PSYoungGen      total 9728K, used 9709K [0x00000000d5580000, 0x00000000d6580000, 0x0000000100000000)
  eden space 9216K, 100% used [0x00000000d5580000,0x00000000d5e80000,0x00000000d5e80000)
  from space 512K, 96% used [0x00000000d6500000,0x00000000d657b6f0,0x00000000d6580000)
  to   space 1024K, 0% used [0x00000000d6380000,0x00000000d6380000,0x00000000d6480000)
 ParOldGen       total 126976K, used 126955K [0x0000000080000000, 0x0000000087c00000, 0x00000000d5580000)
  object space 126976K, 99% used [0x0000000080000000,0x0000000087bfafa8,0x0000000087c00000)
 Metaspace       used 54143K, committed 55424K, reserved 1114112K
  class space    used 5868K, committed 6400K, reserved 1048576K
}
Event: 248.216 GC heap after
{Heap after GC invocations=41 (full 2):
 PSYoungGen      total 10240K, used 532K [0x00000000d5580000, 0x00000000d6580000, 0x0000000100000000)
  eden space 9216K, 0% used [0x00000000d5580000,0x00000000d5580000,0x00000000d5e80000)
  from space 1024K, 52% used [0x00000000d6380000,0x00000000d6405308,0x00000000d6480000)
  to   space 1024K, 0% used [0x00000000d6480000,0x00000000d6480000,0x00000000d6580000)
 ParOldGen       total 127488K, used 127123K [0x0000000080000000, 0x0000000087c80000, 0x00000000d5580000)
  object space 127488K, 99% used [0x0000000080000000,0x0000000087c24fa8,0x0000000087c80000)
 Metaspace       used 54143K, committed 55424K, reserved 1114112K
  class space    used 5868K, committed 6400K, reserved 1048576K
}
Event: 248.292 GC heap before
{Heap before GC invocations=42 (full 2):
 PSYoungGen      total 10240K, used 9748K [0x00000000d5580000, 0x00000000d6580000, 0x0000000100000000)
  eden space 9216K, 100% used [0x00000000d5580000,0x00000000d5e80000,0x00000000d5e80000)
  from space 1024K, 52% used [0x00000000d6380000,0x00000000d6405308,0x00000000d6480000)
  to   space 1024K, 0% used [0x00000000d6480000,0x00000000d6480000,0x00000000d6580000)
 ParOldGen       total 127488K, used 127123K [0x0000000080000000, 0x0000000087c80000, 0x00000000d5580000)
  object space 127488K, 99% used [0x0000000080000000,0x0000000087c24fa8,0x0000000087c80000)
 Metaspace       used 54887K, committed 56192K, reserved 1114112K
  class space    used 5964K, committed 6528K, reserved 1048576K
}
Event: 248.293 GC heap after
{Heap after GC invocations=42 (full 2):
 PSYoungGen      total 10240K, used 768K [0x00000000d5580000, 0x00000000d6580000, 0x0000000100000000)
  eden space 9216K, 0% used [0x00000000d5580000,0x00000000d5580000,0x00000000d5e80000)
  from space 1024K, 75% used [0x00000000d6480000,0x00000000d6540000,0x00000000d6580000)
  to   space 1024K, 0% used [0x00000000d6380000,0x00000000d6380000,0x00000000d6480000)
 ParOldGen       total 127488K, used 127251K [0x0000000080000000, 0x0000000087c80000, 0x00000000d5580000)
  object space 127488K, 99% used [0x0000000080000000,0x0000000087c44fa8,0x0000000087c80000)
 Metaspace       used 54887K, committed 56192K, reserved 1114112K
  class space    used 5964K, committed 6528K, reserved 1048576K
}
Event: 1067.461 GC heap before
{Heap before GC invocations=43 (full 2):
 PSYoungGen      total 10240K, used 9984K [0x00000000d5580000, 0x00000000d6580000, 0x0000000100000000)
  eden space 9216K, 100% used [0x00000000d5580000,0x00000000d5e80000,0x00000000d5e80000)
  from space 1024K, 75% used [0x00000000d6480000,0x00000000d6540000,0x00000000d6580000)
  to   space 1024K, 0% used [0x00000000d6380000,0x00000000d6380000,0x00000000d6480000)
 ParOldGen       total 127488K, used 127251K [0x0000000080000000, 0x0000000087c80000, 0x00000000d5580000)
  object space 127488K, 99% used [0x0000000080000000,0x0000000087c44fa8,0x0000000087c80000)
 Metaspace       used 55218K, committed 56512K, reserved 1114112K
  class space    used 5998K, committed 6528K, reserved 1048576K
}
Event: 1067.462 GC heap after
{Heap after GC invocations=43 (full 2):
 PSYoungGen      total 10240K, used 848K [0x00000000d5580000, 0x00000000d6500000, 0x0000000100000000)
  eden space 9216K, 0% used [0x00000000d5580000,0x00000000d5580000,0x00000000d5e80000)
  from space 1024K, 82% used [0x00000000d6380000,0x00000000d6454030,0x00000000d6480000)
  to   space 512K, 0% used [0x00000000d6480000,0x00000000d6480000,0x00000000d6500000)
 ParOldGen       total 128000K, used 127611K [0x0000000080000000, 0x0000000087d00000, 0x00000000d5580000)
  object space 128000K, 99% used [0x0000000080000000,0x0000000087c9efa8,0x0000000087d00000)
 Metaspace       used 55218K, committed 56512K, reserved 1114112K
  class space    used 5998K, committed 6528K, reserved 1048576K
}

